# Activity Log

[2026-06-24 16:35:22 UTC] database connection pool stats: 5/20 active
[2026-06-24 20:21:54 UTC] session store TTL sweep done — 3 expired entries
[2026-06-25 01:35:12 UTC] dependency audit completed — no vulnerabilities
[2026-06-25 05:50:21 UTC] scheduled maintenance window ended
[2026-06-25 12:31:39 UTC] daily backup verification: OK
[2026-06-25 15:31:41 UTC] API rate usage: 23% of limit
[2026-06-25 17:33:24 UTC] system heartbeat check passed
[2026-06-25 19:28:42 UTC] scheduled task 'cleanup_tmp' completed
[2026-06-25 23:01:43 UTC] logging rotation triggered — 14 files archived
[2026-06-26 00:21:04 UTC] load average: 0.42 0.38 0.35
[2026-06-26 04:53:58 UTC] configuration hot-reload applied
[2026-06-26 08:34:49 UTC] session store TTL sweep done — 3 expired entries
[2026-06-26 21:39:14 UTC] rate limiter counters reset
[2026-06-26 23:20:16 UTC] memcached hit ratio: 94.2%
[2026-06-27 01:31:24 UTC] index rebuild finished successfully
[2026-06-27 05:35:42 UTC] database connection pool stats: 5/20 active
[2026-06-27 10:34:43 UTC] configuration hot-reload applied
[2026-06-27 12:01:04 UTC] background sync finished
[2026-06-27 15:36:41 UTC] webhook delivery retry queue empty
[2026-06-27 18:15:52 UTC] garbage collection cycle done
[2026-06-27 19:55:23 UTC] daily backup verification: OK
[2026-06-28 00:12:41 UTC] garbage collection cycle done
